# JRE version: Java(TM) SE Runtime Environment 18.9 (11.0.8+10) (build 11.0.8+10-LTS)
# Java VM: Java HotSpot(TM) 64-Bit Server VM 18.9 (11.0.8+10-LTS, mixed mode, tiered, compressed oops, g1 gc, windows-amd64)
Heap:
 garbage-first heap   total 262144K, used 19528K [0x00000000e0000000, 0x0000000100000000)
  region size 1024K, 7 young (7168K), 3 survivors (3072K)
 Metaspace       used 21090K, capacity 21574K, committed 21680K, reserved 274432K
  class space    used 2603K, capacity 2776K, committed 2816K, reserved 253952K
GC Heap History (10 events):
Event: 2.417 GC heap before
{Heap before GC invocations=0 (full 0):
 garbage-first heap   total 262144K, used 19456K [0x00000000e0000000, 0x0000000100000000)
  region size 1024K, 14 young (14336K), 0 survivors (0K)
 Metaspace       used 7445K, capacity 7647K, committed 7936K, reserved 262144K
  class space    used 670K, capacity 716K, committed 768K, reserved 253952K
}
Event: 2.608 GC heap after
{Heap after GC invocations=1 (full 0):
 garbage-first heap   total 262144K, used 7983K [0x00000000e0000000, 0x0000000100000000)
  region size 1024K, 2 young (2048K), 2 survivors (2048K)
 Metaspace       used 7445K, capacity 7647K, committed 7936K, reserved 262144K
  class space    used 670K, capacity 716K, committed 768K, reserved 253952K
}
Event: 4.017 GC heap before
{Heap before GC invocations=1 (full 0):
 garbage-first heap   total 262144K, used 20271K [0x00000000e0000000, 0x0000000100000000)
  region size 1024K, 14 young (14336K), 2 survivors (2048K)
 Metaspace       used 10864K, capacity 11079K, committed 11264K, reserved 264192K
  class space    used 1140K, capacity 1201K, committed 1280K, reserved 253952K
}
Event: 4.021 GC heap after
{Heap after GC invocations=2 (full 0):
 garbage-first heap   total 262144K, used 8938K [0x00000000e0000000, 0x0000000100000000)
  region size 1024K, 1 young (1024K), 1 survivors (1024K)
 Metaspace       used 10864K, capacity 11079K, committed 11264K, reserved 264192K
  class space    used 1140K, capacity 1201K, committed 1280K, reserved 253952K
}
Event: 6.270 GC heap before
{Heap before GC invocations=2 (full 0):
 garbage-first heap   total 262144K, used 37610K [0x00000000e0000000, 0x0000000100000000)
  region size 1024K, 30 young (30720K), 1 survivors (1024K)
 Metaspace       used 11062K, capacity 11272K, committed 11520K, reserved 264192K
  class space    used 1142K, capacity 1201K, committed 1280K, reserved 253952K
}
Event: 6.280 GC heap after
{Heap after GC invocations=3 (full 0):
 garbage-first heap   total 262144K, used 13533K [0x00000000e0000000, 0x0000000100000000)
  region size 1024K, 4 young (4096K), 4 survivors (4096K)
 Metaspace       used 11062K, capacity 11272K, committed 11520K, reserved 264192K
  class space    used 1142K, capacity 1201K, committed 1280K, reserved 253952K
}
Event: 20.298 GC heap before
{Heap before GC invocations=3 (full 0):
 garbage-first heap   total 262144K, used 56541K [0x00000000e0000000, 0x0000000100000000)
  region size 1024K, 46 young (47104K), 4 survivors (4096K)
 Metaspace       used 18647K, capacity 18991K, committed 19072K, reserved 272384K
  class space    used 2231K, capacity 2376K, committed 2432K, reserved 253952K
}
Event: 20.308 GC heap after
{Heap after GC invocations=4 (full 0):
 garbage-first heap   total 262144K, used 16060K [0x00000000e0000000, 0x0000000100000000)
  region size 1024K, 3 young (3072K), 3 survivors (3072K)
 Metaspace       used 18647K, capacity 18991K, committed 19072K, reserved 272384K
  class space    used 2231K, capacity 2376K, committed 2432K, reserved 253952K
}
Event: 21.338 GC heap before
{Heap before GC invocations=4 (full 0):
 garbage-first heap   total 262144K, used 29372K [0x00000000e0000000, 0x0000000100000000)
  region size 1024K, 17 young (17408K), 3 survivors (3072K)
 Metaspace       used 20633K, capacity 21142K, committed 21296K, reserved 274432K
  class space    used 2514K, capacity 2674K, committed 2688K, reserved 253952K
}
Event: 21.344 GC heap after
{Heap after GC invocations=5 (full 0):
 garbage-first heap   total 262144K, used 16456K [0x00000000e0000000, 0x0000000100000000)
  region size 1024K, 3 young (3072K), 3 survivors (3072K)
 Metaspace       used 20633K, capacity 21142K, committed 21296K, reserved 274432K
  class space    used 2514K, capacity 2674K, committed 2688K, reserved 253952K
}

